<?xml version="1.0" encoding="UTF-8"?>
<testsuite name="org.example.AppTest" tests="6" skipped="0" failures="0" errors="0" timestamp="2024-05-13T09:32:09" hostname="joseagus-MacBookPro" time="0.076">
  <properties/>
  <testcase name="testIndexOutOfBoundsException()" classname="org.example.AppTest" time="0.045"/>
  <testcase name="testInvalidAgeException()" classname="org.example.AppTest" time="0.01"/>
  <testcase name="testIOExceptionReading()" classname="org.example.AppTest" time="0.008"/>
  <testcase name="testDivisionByZero()" classname="org.example.AppTest" time="0.001"/>
  <testcase name="testIOExceptionWriting()" classname="org.example.AppTest" time="0.005"/>
  <testcase name="appHasAGreeting()" classname="org.example.AppTest" time="0.001"/>
  <system-out><![CDATA[]]></system-out>
  <system-err><![CDATA[]]></system-err>
</testsuite>
